  314  apt install python3-pip
  331  sudo apt install python3-pip
  332  pip install gdown
  340  gdown 1fc3saVu2GtG3Rft3zI-VOOsZhaqcSyn3
  346  history
  347  cut -d',' -f2 jan10_data.csv > pickup_locations.txt
  348  pwd
  349  ls
  355  cut -d',' -f2 2019-01-h1.csv > pickup_locations.txt
  357  history
  358  head -n 10 2019-01-h1.csv
  359  grep "2019-01-02" 2019-01-h1.csv | cut -d',' -f2 > jan02_pickup_locations.txt
  360  grep "2019-01-10" 2019-01-h1.csv | cut -d',' -f2 > jan10_pickup_locations.txt
  361  sort jan02_pickup_locations.txt > sorted_jan02_locations.txt
  362  uniq -c sorted_jan02_locations.txt > jan02_location_counts.txt
  363  sort -nr jan02_location_counts.txt > sorted_jan02_location_counts.txt
  364  head sorted_jan02_location_counts.txt
  365  sort jan10_pickup_locations.txt > sorted_jan10_locations.txt
  366  uniq -c sorted_jan10_locations.txt > jan10_location_counts.txt
  367  sort -nr jan10_location_counts.txt > sorted_jan10_location_counts.txt
  368  head sorted_jan10_location_counts.txt
  369  head -n 3 sorted_jan02_location_counts.txt
  370  head -n 3 sorted_jan10_location_counts.txt
  371  > ws3.txt
  375  vim ws3.txt
  376  history > cmds.log
  377  vim cmds.log
  379  cd cs131/
  382  mkdir ws3
  385  cd ~/
  386  mv ws3.txt cs131/ws3/
  387  mv cmds.log cs131/ws3/
  388  cd cs131
  389  cd ws3
  390  vim ws3.txt
  391  history > cmds.log
  392  vim cmds.log
